2020/04/29_10:22:55 mkdir / OK.
2020/04/29_10:22:55 
2020/04/29_10:23:19 mkdir / OK.
2020/04/29_10:23:19 
2020/04/29_10:23:47 mkdir / OK.
2020/04/29_10:23:47 
2020/04/29_10:24:56 mkdir / OK.
2020/04/29_10:24:56 
2020/04/29_10:26:25 
2020/04/29_10:26:29 
2020/04/29_10:26:35 
2020/04/29_10:26:56 123
2020/04/29_10:43:55 
2020/04/29_10:45:12 
2020/04/29_10:45:50 NULL (调用logout_file_terminal未指定日志内容)
2020/04/29_10:45:56 NULL (调用logout_file_terminal未指定日志内容)
2020/04/29_10:46:07 NULL (调用logout_file_terminal未指定日志内容)
2020/04/29_10:46:24 NULL (调用logout_file_terminal未指定日志内容)
2020/04/29_10:46:53 这是个日志
2020/04/29_10:46:55 这是个日志
2020/04/29_10:48:30 这是个日志
2020/04/29_10:48:33 这是个日志
2020/04/29_10:48:51 这是个日志
2020/04/29_10:50:22 这是个日志
